<?xml version="1.0" encoding="UTF-8"?>
<testng-results ignored="1" total="2" passed="1" failed="0" skipped="0">
  <reporter-output>
  </reporter-output>
  <suite started-at="2023-02-19T18:01:25 IST" name="Default suite" finished-at="2023-02-19T18:01:41 IST" duration-ms="16025">
    <groups>
      <group name="sanity">
        <method signature="ManagerModule.lead()[pri:1, instance:testRunner.ManagerModule@3936df72]" name="lead" class="testRunner.ManagerModule"/>
      </group> <!-- sanity -->
      <group name="lead">
        <method signature="ManagerModule.lead()[pri:1, instance:testRunner.ManagerModule@3936df72]" name="lead" class="testRunner.ManagerModule"/>
      </group> <!-- lead -->
    </groups>
    <test started-at="2023-02-19T18:01:25 IST" name="Default test" finished-at="2023-02-19T18:01:41 IST" duration-ms="16025">
      <class name="testRunner.ManagerModule">
        <test-method is-config="true" signature="login()[pri:0, instance:testRunner.ManagerModule@3936df72]" started-at="2023-02-19T18:01:25 IST" name="login" finished-at="2023-02-19T18:01:32 IST" duration-ms="6891" status="PASS">
          <reporter-output>
          </reporter-output>
        </test-method> <!-- login -->
        <test-method signature="lead()[pri:1, instance:testRunner.ManagerModule@3936df72]" started-at="2023-02-19T18:01:32 IST" name="lead" finished-at="2023-02-19T18:01:36 IST" duration-ms="3898" status="PASS">
          <reporter-output>
          </reporter-output>
        </test-method> <!-- lead -->
        <test-method is-config="true" signature="quitBrowser()[pri:0, instance:testRunner.ManagerModule@3936df72]" started-at="2023-02-19T18:01:36 IST" name="quitBrowser" finished-at="2023-02-19T18:01:41 IST" duration-ms="5195" status="PASS">
          <reporter-output>
          </reporter-output>
        </test-method> <!-- quitBrowser -->
      </class> <!-- testRunner.ManagerModule -->
    </test> <!-- Default test -->
  </suite> <!-- Default suite -->
</testng-results>
